<?xml version="1.0" encoding="UTF-8"?>
<!-- Generated by org.testng.reporters.JUnitReportReporter -->
<testsuite hostname="EvgenPC" name="com.epam.ehalavachou.selenium.test.Test2" tests="1" failures="0" timestamp="6 May 2013 15:35:00 GMT" time="0.009" errors="0">
  <testcase name="assertTest2" time="0.009" classname="com.epam.ehalavachou.selenium.test.Test2"/>
</testsuite> <!-- com.epam.ehalavachou.selenium.test.Test2 -->
