<?xml version="1.0" encoding="UTF-8"?>
<!-- Generated by org.testng.reporters.JUnitReportReporter -->
<testsuite hostname="EvgenPC" name="com.epam.ehalavachou.selenium.main.NewTest" tests="1" failures="0" timestamp="6 May 2013 12:12:32 GMT" time="0.098" errors="0">
  <testcase name="f" time="0.098" classname="com.epam.ehalavachou.selenium.main.NewTest"/>
</testsuite> <!-- com.epam.ehalavachou.selenium.main.NewTest -->
