<?xml version="1.0" encoding="UTF-8"?>
<!-- Generated by org.testng.reporters.JUnitReportReporter -->
<testsuite hostname="EvgenPC" name="com.epam.ehalavachou.selenium.test.TestTimeDiffComparation" tests="1" failures="0" timestamp="7 May 2013 16:02:20 GMT" time="28.178" errors="0">
  <testcase name="assertTimeDiff" time="28.178" classname="com.epam.ehalavachou.selenium.test.TestTimeDiffComparation"/>
</testsuite> <!-- com.epam.ehalavachou.selenium.test.TestTimeDiffComparation -->
